rm: cannot remove 'tmp*': No such file or directory
rm: cannot remove '0': No such file or directory
rm: cannot remove '1': No such file or directory
rm: cannot remove '2': No such file or directory
rm: cannot remove '3': No such file or directory
rm: cannot remove '0.sed': No such file or directory
rm: cannot remove '1.sed': No such file or directory
rm: cannot remove '2.sed': No such file or directory
rm: cannot remove '3.sed': No such file or directory
rm: cannot remove 'vg': No such file or directory
==
||
|| Begin Execution of fp in slurm batch script.
||
==
==
||
|| Execution of fp in slurm batch script complete.
||
==
